#
# A fatal error has been detected by the Java Runtime Environment:
#
#  EXCEPTION_ACCESS_VIOLATION (0xc0000005) at pc=0x00007ffc364db89d, pid=16820, tid=0x0000000000004100
#
# JRE version: Java(TM) SE Runtime Environment (8.0_102-b14) (build 1.8.0_102-b14)
# Java VM: Java HotSpot(TM) 64-Bit Server VM (25.102-b14 mixed mode windows-amd64 compressed oops)
# Problematic frame:
# C  0x00007ffc364db89d
#
# Failed to write core dump. Minidumps are not enabled by default on client versions of Windows
#
# If you would like to submit a bug report, please visit:
#   http://bugreport.java.com/bugreport/crash.jsp
# The crash happened outside the Java Virtual Machine in native code.
# See problematic frame for where to report the bug.
#

---------------  T H R E A D  ---------------

Current thread (0x000000001b01f000):  JavaThread "AWT-EventQueue-0" [_thread_in_native, id=16640, stack(0x000000001c560000,0x000000001c760000)]

siginfo: ExceptionCode=0xc0000005, reading address 0x000000001a982000

Registers:
RAX=0x0000000000000003, RBX=0x0000000023c86900, RCX=0x0000000000000000, RDX=0x000000001a981fc0
RSP=0x000000001c75a590, RBP=0x0000000000000006, RSI=0x00000000000004b0, RDI=0x0000000027026050
R8 =0x00000000000004b0, R9 =0x0000000000000009, R10=0x0000000000000003, R11=0x0000000000000246
R12=0x00000000000004b0, R13=0x0000000000000001, R14=0x000000001a981ec0, R15=0x0000000021eb4680
RIP=0x00007ffc364db89d, EFLAGS=0x0000000000010207

Top of Stack: (sp=0x000000001c75a590)
0x000000001c75a590:   00000000be5958fb 0000000000000000
0x000000001c75a5a0:   00000000be59c860 0000000000000000
0x000000001c75a5b0:   0000000020d1cb20 00007ffc364dbb8e
0x000000001c75a5c0:   0000000023c86900 00000000000004b0
0x000000001c75a5d0:   00000000000004b0 0000000020d1cb20
0x000000001c75a5e0:   0000000000000010 0000000000000010
0x000000001c75a5f0:   0000000000000000 0000000020d1ca70
0x000000001c75a600:   0000000021eb4680 0000000000000000
0x000000001c75a610:   0000000021ff3240 00007ffc3648ec30
0x000000001c75a620:   000000001a981ec0 000000000000003b
0x000000001c75a630:   0000000020d1cb20 0000000000000010
0x000000001c75a640:   000000001a981ec0 000000001c75a670
0x000000001c75a650:   000000001b01f101 00000000778a2e01
0x000000001c75a660:   000000001c75a700 0000000000008892
0x000000001c75a670:   0000000021fa53a0 fffffffffffffffe
0x000000001c75a680:   0000000021ff3240 0000000064504e7f 

Instructions: (pc=0x00007ffc364db89d)
0x00007ffc364db87d:   00 00 00 66 0f 6f 3a 66 0f 6f 72 10 66 0f 6f 6a
0x00007ffc364db88d:   20 41 ff c2 48 83 ef 80 41 8b c2 66 0f 6f 62 30
0x00007ffc364db89d:   66 0f 6f 5a 40 66 0f 6f 52 50 66 0f 6f 4a 60 66
0x00007ffc364db8ad:   0f 6f 42 70 66 0f e7 7f 80 48 83 ea 80 66 0f e7 


Register to memory mapping:

RAX=0x0000000000000003 is an unknown value
RBX=0x0000000023c86900 is an unknown value
RCX=0x0000000000000000 is an unknown value
RDX=0x000000001a981fc0 is an unknown value
RSP=0x000000001c75a590 is pointing into the stack for thread: 0x000000001b01f000
RBP=0x0000000000000006 is an unknown value
RSI=0x00000000000004b0 is an unknown value
RDI=0x0000000027026050 is an unknown value
R8 =0x00000000000004b0 is an unknown value
R9 =0x0000000000000009 is an unknown value
R10=0x0000000000000003 is an unknown value
R11=0x0000000000000246 is an unknown value
R12=0x00000000000004b0 is an unknown value
R13=0x0000000000000001 is an unknown value
R14=0x000000001a981ec0 is an unknown value
R15=0x0000000021eb4680 is an unknown value


Stack: [0x000000001c560000,0x000000001c760000],  sp=0x000000001c75a590,  free space=2025k
Native frames: (J=compiled Java code, j=interpreted, Vv=VM code, C=native code)
C  0x00007ffc364db89d
C  0x00007ffc364dbb8e
C  0x00007ffc3648ec30
C  0x00007ffc36490182
C  0x0000000003fc6cf1

Java frames: (J=compiled Java code, j=interpreted, Vv=VM code)
J 7472  jogamp.opengl.gl4.GL4bcImpl.dispatch_glBufferData1(IJLjava/lang/Object;IZIJ)V (0 bytes) @ 0x0000000003fc6c73 [0x0000000003fc6c00+0x73]
J 7518 C2 jogamp.opengl.gl4.GL4bcImpl.glBufferData(IJLjava/nio/Buffer;I)V (99 bytes) @ 0x00000000037d80a4 [0x00000000037d7f80+0x124]
J 7512 C1 cz.fidentis.renderer.LocalAreasRender.drawLocalAreas(Ljavax/media/opengl/GL2;I[D[D)Ljavax/media/opengl/GL2; (652 bytes) @ 0x000000000400522c [0x0000000004001d00+0x352c]
J 5183 C1 cz.fidentis.renderer.ComparisonGLEventListener.display(Ljavax/media/opengl/GLAutoDrawable;)V (749 bytes) @ 0x00000000039ce5c4 [0x00000000039cbaa0+0x2b24]
J 4654 C1 jogamp.opengl.GLDrawableHelper.displayImpl(Ljavax/media/opengl/GLAutoDrawable;)V (82 bytes) @ 0x00000000037e678c [0x00000000037e5dc0+0x9cc]
J 5115 C1 javax.media.opengl.awt.GLJPanel$Updater.display(Ljavax/media/opengl/GLAutoDrawable;)V (206 bytes) @ 0x000000000398207c [0x0000000003981bc0+0x4bc]
J 4654 C1 jogamp.opengl.GLDrawableHelper.displayImpl(Ljavax/media/opengl/GLAutoDrawable;)V (82 bytes) @ 0x00000000037e678c [0x00000000037e5dc0+0x9cc]
J 5114 C1 jogamp.opengl.GLAutoDrawableBase$2.run()V (73 bytes) @ 0x0000000002d23294 [0x0000000002d22c80+0x614]
J 5113 C1 jogamp.opengl.GLDrawableHelper.invokeGLImpl(Ljavax/media/opengl/GLDrawable;Ljavax/media/opengl/GLContext;Ljava/lang/Runnable;Ljava/lang/Runnable;Ljavax/media/opengl/GLAutoDrawable;)V (425 bytes) @ 0x000000000369e984 [0x000000000369dca0+0xce4]
J 5112 C1 jogamp.opengl.GLDrawableHelper.invokeGL(Ljavax/media/opengl/GLDrawable;Ljavax/media/opengl/GLContext;Ljava/lang/Runnable;Ljava/lang/Runnable;)V (89 bytes) @ 0x0000000002d23c0c [0x0000000002d23b40+0xcc]
J 5111 C1 jogamp.opengl.GLPbufferImpl.display()V (61 bytes) @ 0x0000000003984f0c [0x0000000003984ce0+0x22c]
J 5110 C1 javax.media.opengl.awt.GLJPanel$PbufferBackend.doPaintComponentImpl()V (10 bytes) @ 0x0000000003348884 [0x0000000003348780+0x104]
J 4912 C1 javax.media.opengl.awt.GLJPanel$AbstractReadbackBackend.doPaintComponent(Ljava/awt/Graphics;)V (41 bytes) @ 0x0000000003904074 [0x0000000003903f60+0x114]
J 4910 C1 javax.media.opengl.awt.GLJPanel.paintComponent(Ljava/awt/Graphics;)V (180 bytes) @ 0x0000000003902724 [0x00000000039017c0+0xf64]
J 7341 C2 javax.swing.JComponent.paint(Ljava/awt/Graphics;)V (409 bytes) @ 0x0000000003f500a8 [0x0000000003f4fb00+0x5a8]
J 7343 C2 javax.swing.JComponent.paintChildren(Ljava/awt/Graphics;)V (669 bytes) @ 0x0000000003f5e614 [0x0000000003f5ddc0+0x854]
J 7341 C2 javax.swing.JComponent.paint(Ljava/awt/Graphics;)V (409 bytes) @ 0x0000000003f500e0 [0x0000000003f4fb00+0x5e0]
J 7343 C2 javax.swing.JComponent.paintChildren(Ljava/awt/Graphics;)V (669 bytes) @ 0x0000000003f5e614 [0x0000000003f5ddc0+0x854]
J 7341 C2 javax.swing.JComponent.paint(Ljava/awt/Graphics;)V (409 bytes) @ 0x0000000003f500e0 [0x0000000003f4fb00+0x5e0]
J 7529 C2 javax.swing.JLayeredPane.paint(Ljava/awt/Graphics;)V (77 bytes) @ 0x000000000400f124 [0x000000000400f0e0+0x44]
J 7343 C2 javax.swing.JComponent.paintChildren(Ljava/awt/Graphics;)V (669 bytes) @ 0x0000000003f5e614 [0x0000000003f5ddc0+0x854]
J 7341 C2 javax.swing.JComponent.paint(Ljava/awt/Graphics;)V (409 bytes) @ 0x0000000003f500e0 [0x0000000003f4fb00+0x5e0]
J 7343 C2 javax.swing.JComponent.paintChildren(Ljava/awt/Graphics;)V (669 bytes) @ 0x0000000003f5e614 [0x0000000003f5ddc0+0x854]
J 7341 C2 javax.swing.JComponent.paint(Ljava/awt/Graphics;)V (409 bytes) @ 0x0000000003f500e0 [0x0000000003f4fb00+0x5e0]
J 7343 C2 javax.swing.JComponent.paintChildren(Ljava/awt/Graphics;)V (669 bytes) @ 0x0000000003f5e614 [0x0000000003f5ddc0+0x854]
J 7341 C2 javax.swing.JComponent.paint(Ljava/awt/Graphics;)V (409 bytes) @ 0x0000000003f500e0 [0x0000000003f4fb00+0x5e0]
J 7343 C2 javax.swing.JComponent.paintChildren(Ljava/awt/Graphics;)V (669 bytes) @ 0x0000000003f5e614 [0x0000000003f5ddc0+0x854]
J 7341 C2 javax.swing.JComponent.paint(Ljava/awt/Graphics;)V (409 bytes) @ 0x0000000003f500e0 [0x0000000003f4fb00+0x5e0]
J 7343 C2 javax.swing.JComponent.paintChildren(Ljava/awt/Graphics;)V (669 bytes) @ 0x0000000003f5e614 [0x0000000003f5ddc0+0x854]
J 7341 C2 javax.swing.JComponent.paint(Ljava/awt/Graphics;)V (409 bytes) @ 0x0000000003f500e0 [0x0000000003f4fb00+0x5e0]
J 7343 C2 javax.swing.JComponent.paintChildren(Ljava/awt/Graphics;)V (669 bytes) @ 0x0000000003f5e614 [0x0000000003f5ddc0+0x854]
J 7341 C2 javax.swing.JComponent.paint(Ljava/awt/Graphics;)V (409 bytes) @ 0x0000000003f500e0 [0x0000000003f4fb00+0x5e0]
J 4855 C1 org.netbeans.swing.tabcontrol.TabbedContainer.paint(Ljava/awt/Graphics;)V (57 bytes) @ 0x000000000388389c [0x0000000003883740+0x15c]
J 7343 C2 javax.swing.JComponent.paintChildren(Ljava/awt/Graphics;)V (669 bytes) @ 0x0000000003f5e614 [0x0000000003f5ddc0+0x854]
J 7341 C2 javax.swing.JComponent.paint(Ljava/awt/Graphics;)V (409 bytes) @ 0x0000000003f500e0 [0x0000000003f4fb00+0x5e0]
J 7343 C2 javax.swing.JComponent.paintChildren(Ljava/awt/Graphics;)V (669 bytes) @ 0x0000000003f5e614 [0x0000000003f5ddc0+0x854]
J 7341 C2 javax.swing.JComponent.paint(Ljava/awt/Graphics;)V (409 bytes) @ 0x0000000003f500e0 [0x0000000003f4fb00+0x5e0]
J 7343 C2 javax.swing.JComponent.paintChildren(Ljava/awt/Graphics;)V (669 bytes) @ 0x0000000003f5e614 [0x0000000003f5ddc0+0x854]
J 7341 C2 javax.swing.JComponent.paint(Ljava/awt/Graphics;)V (409 bytes) @ 0x0000000003f500e0 [0x0000000003f4fb00+0x5e0]
J 7343 C2 javax.swing.JComponent.paintChildren(Ljava/awt/Graphics;)V (669 bytes) @ 0x0000000003f5e614 [0x0000000003f5ddc0+0x854]
J 7341 C2 javax.swing.JComponent.paint(Ljava/awt/Graphics;)V (409 bytes) @ 0x0000000003f500e0 [0x0000000003f4fb00+0x5e0]
J 7343 C2 javax.swing.JComponent.paintChildren(Ljava/awt/Graphics;)V (669 bytes) @ 0x0000000003f5e614 [0x0000000003f5ddc0+0x854]
J 7341 C2 javax.swing.JComponent.paint(Ljava/awt/Graphics;)V (409 bytes) @ 0x0000000003f500e0 [0x0000000003f4fb00+0x5e0]
J 7529 C2 javax.swing.JLayeredPane.paint(Ljava/awt/Graphics;)V (77 bytes) @ 0x000000000400f124 [0x000000000400f0e0+0x44]
J 7343 C2 javax.swing.JComponent.paintChildren(Ljava/awt/Graphics;)V (669 bytes) @ 0x0000000003f5e614 [0x0000000003f5ddc0+0x854]
J 7341 C2 javax.swing.JComponent.paint(Ljava/awt/Graphics;)V (409 bytes) @ 0x0000000003f500e0 [0x0000000003f4fb00+0x5e0]
J 7343 C2 javax.swing.JComponent.paintChildren(Ljava/awt/Graphics;)V (669 bytes) @ 0x0000000003f5e614 [0x0000000003f5ddc0+0x854]
J 7341 C2 javax.swing.JComponent.paint(Ljava/awt/Graphics;)V (409 bytes) @ 0x0000000003f500e0 [0x0000000003f4fb00+0x5e0]
J 4909 C1 org.netbeans.core.windows.view.ui.MainWindow$1.paint(Ljava/awt/Graphics;)V (23 bytes) @ 0x00000000039004bc [0x0000000003900440+0x7c]
J 7343 C2 javax.swing.JComponent.paintChildren(Ljava/awt/Graphics;)V (669 bytes) @ 0x0000000003f5e614 [0x0000000003f5ddc0+0x854]
J 7341 C2 javax.swing.JComponent.paint(Ljava/awt/Graphics;)V (409 bytes) @ 0x0000000003f500e0 [0x0000000003f4fb00+0x5e0]
J 7529 C2 javax.swing.JLayeredPane.paint(Ljava/awt/Graphics;)V (77 bytes) @ 0x000000000400f124 [0x000000000400f0e0+0x44]
J 7343 C2 javax.swing.JComponent.paintChildren(Ljava/awt/Graphics;)V (669 bytes) @ 0x0000000003f5e614 [0x0000000003f5ddc0+0x854]
J 7341 C2 javax.swing.JComponent.paint(Ljava/awt/Graphics;)V (409 bytes) @ 0x0000000003f500e0 [0x0000000003f4fb00+0x5e0]
J 5096 C1 javax.swing.JComponent.paintToOffscreen(Ljava/awt/Graphics;IIIIII)V (108 bytes) @ 0x0000000002e3876c [0x0000000002e38400+0x36c]
J 5166 C1 javax.swing.RepaintManager$PaintManager.paintDoubleBuffered(Ljavax/swing/JComponent;Ljava/awt/Image;Ljava/awt/Graphics;IIII)V (294 bytes) @ 0x00000000039b92b4 [0x00000000039b8b60+0x754]
J 5095 C1 javax.swing.RepaintManager$PaintManager.paint(Ljavax/swing/JComponent;Ljavax/swing/JComponent;Ljava/awt/Graphics;IIII)Z (189 bytes) @ 0x000000000359435c [0x00000000035936c0+0xc9c]
J 4879 C1 javax.swing.RepaintManager.paint(Ljavax/swing/JComponent;Ljavax/swing/JComponent;Ljava/awt/Graphics;IIII)V (93 bytes) @ 0x00000000038daf3c [0x00000000038daa60+0x4dc]
J 5502 C1 javax.swing.JComponent._paintImmediately(IIII)V (891 bytes) @ 0x0000000003af6734 [0x0000000003af36a0+0x3094]
J 4842 C1 javax.swing.JComponent.paintImmediately(IIII)V (155 bytes) @ 0x000000000388aecc [0x000000000388a0c0+0xe0c]
J 4854 C1 javax.swing.RepaintManager$4.run()Ljava/lang/Void; (278 bytes) @ 0x00000000038c93e4 [0x00000000038c8d40+0x6a4]
J 4853 C1 javax.swing.RepaintManager$4.run()Ljava/lang/Object; (5 bytes) @ 0x000000000388718c [0x0000000003887100+0x8c]
v  ~StubRoutines::call_stub
J 901  java.security.AccessController.doPrivileged(Ljava/security/PrivilegedAction;Ljava/security/AccessControlContext;)Ljava/lang/Object; (0 bytes) @ 0x0000000002d0a0a6 [0x0000000002d0a040+0x66]
J 7362 C2 com.jogamp.opengl.util.AWTAnimatorImpl$1.run()V (405 bytes) @ 0x0000000003f84a68 [0x0000000003f818c0+0x31a8]
J 7329 C2 java.awt.event.InvocationEvent.dispatch()V (69 bytes) @ 0x0000000003439f58 [0x0000000003439f00+0x58]
J 6957 C2 java.awt.EventQueue$3.run()Ljava/lang/Object; (5 bytes) @ 0x00000000030fc240 [0x00000000030fbfe0+0x260]
v  ~StubRoutines::call_stub
J 901  java.security.AccessController.doPrivileged(Ljava/security/PrivilegedAction;Ljava/security/AccessControlContext;)Ljava/lang/Object; (0 bytes) @ 0x0000000002d0a0a6 [0x0000000002d0a040+0x66]
J 7327 C2 org.netbeans.core.TimableEventQueue.dispatchEvent(Ljava/awt/AWTEvent;)V (43 bytes) @ 0x0000000003f3e6c4 [0x0000000003f3dd40+0x984]
J 7298 C2 java.awt.EventDispatchThread.pumpOneEventForFilters(I)V (295 bytes) @ 0x0000000003eff2ac [0x0000000003efefe0+0x2cc]
j  java.awt.EventDispatchThread.pumpEventsForFilter(ILjava/awt/Conditional;Ljava/awt/EventFilter;)V+35
j  java.awt.EventDispatchThread.pumpEventsForHierarchy(ILjava/awt/Conditional;Ljava/awt/Component;)V+11
j  java.awt.EventDispatchThread.pumpEvents(ILjava/awt/Conditional;)V+4
j  java.awt.EventDispatchThread.pumpEvents(Ljava/awt/Conditional;)V+3
j  java.awt.EventDispatchThread.run()V+9
v  ~StubRoutines::call_stub

---------------  P R O C E S S  ---------------

Java Threads: ( => current thread )
  0x000000001ac84000 JavaThread "SwingWorker-pool-99-thread-1" daemon [_thread_blocked, id=12964, stack(0x0000000071f10000,0x0000000072110000)]
  0x000000001ac88800 JavaThread "Thread-11-AWTAnimator-3" [_thread_blocked, id=12804, stack(0x0000000071910000,0x0000000071b10000)]
  0x000000001ac7e800 JavaThread "Thread-11-AWTAnimator-2" [_thread_blocked, id=4576, stack(0x0000000071710000,0x0000000071910000)]
  0x000000001ac82800 JavaThread "pool-74-thread-4" [_thread_blocked, id=9868, stack(0x000000006c510000,0x000000006c710000)]
  0x000000001ac85800 JavaThread "pool-74-thread-3" [_thread_blocked, id=11836, stack(0x000000006c310000,0x000000006c510000)]
  0x000000001ac81800 JavaThread "pool-74-thread-2" [_thread_blocked, id=352, stack(0x000000006c110000,0x000000006c310000)]
  0x000000001ac81000 JavaThread "pool-74-thread-1" [_thread_blocked, id=5116, stack(0x000000006be50000,0x000000006c050000)]
  0x000000001ac7f000 JavaThread "AWT-EventQueue-0-AWTAnimator-1" [_thread_blocked, id=15944, stack(0x0000000029210000,0x0000000029410000)]
  0x000000001ac7d800 JavaThread "AWT-EventQueue-0-SharedResourceRunner" daemon [_thread_blocked, id=4708, stack(0x0000000024410000,0x0000000024610000)]
  0x000000001cefc000 JavaThread "Swing-Shell" daemon [_thread_blocked, id=10396, stack(0x0000000021640000,0x0000000021840000)]
  0x000000001cefa800 JavaThread "TimerQueue" daemon [_thread_blocked, id=7520, stack(0x000000001fef0000,0x00000000200f0000)]
  0x000000001cef6800 JavaThread "Thread-2" daemon [_thread_blocked, id=7956, stack(0x000000001fcf0000,0x000000001fef0000)]
  0x000000001cef9800 JavaThread "File Watcher" daemon [_thread_blocked, id=6364, stack(0x000000001f8f0000,0x000000001faf0000)]
  0x000000001cef6000 JavaThread "Inactive RequestProcessor thread [Was:Folder recognizer/org.openide.loaders.FolderList$ListTask]" daemon [_thread_blocked, id=16644, stack(0x000000001e520000,0x000000001e720000)]
  0x000000001cef8000 JavaThread "Inactive RequestProcessor thread [Was:Default RequestProcessor/org.netbeans.core.CoreBridgeImpl$1]" daemon [_thread_blocked, id=8616, stack(0x000000001e320000,0x000000001e520000)]
  0x000000001cef9000 JavaThread "Inactive RequestProcessor thread [Was:Logging Flush/org.netbeans.core.startup.logging.DispatchingHandler]" daemon [_thread_blocked, id=4504, stack(0x000000001e120000,0x000000001e320000)]
  0x000000001cef7800 JavaThread "Inactive RequestProcessor thread [Was:Warm Up/org.netbeans.core.startup.WarmUpSupport]" daemon [_thread_blocked, id=4704, stack(0x000000001d730000,0x000000001d930000)]
=>0x000000001b01f000 JavaThread "AWT-EventQueue-0" [_thread_in_native, id=16640, stack(0x000000001c560000,0x000000001c760000)]
  0x000000001b01d800 JavaThread "AWT-Windows" daemon [_thread_in_native, id=5356, stack(0x000000001c290000,0x000000001c490000)]
  0x000000001b01b000 JavaThread "AWT-Shutdown" [_thread_blocked, id=5560, stack(0x000000001c090000,0x000000001c290000)]
  0x000000001af94800 JavaThread "Java2D Disposer" daemon [_thread_blocked, id=6856, stack(0x000000001be90000,0x000000001c090000)]
  0x000000001af89800 JavaThread "RequestProcessor queue manager" daemon [_thread_blocked, id=12404, stack(0x000000001ba90000,0x000000001bc90000)]
  0x000000001af1e000 JavaThread "Inactive RequestProcessor thread [Was:System clipboard synchronizer/org.netbeans.NbClipboard$GetContents]" daemon [_thread_blocked, id=14916, stack(0x000000001b690000,0x000000001b890000)]
  0x000000001ac1d800 JavaThread "CLI Requests Server" daemon [_thread_in_native, id=5584, stack(0x000000001b360000,0x000000001b560000)]
  0x000000001ab0c800 JavaThread "Active Reference Queue Daemon" daemon [_thread_blocked, id=16156, stack(0x000000001b160000,0x000000001b360000)]
  0x00000000183cc000 JavaThread "Service Thread" daemon [_thread_blocked, id=13812, stack(0x000000001a460000,0x000000001a660000)]
  0x00000000183c6000 JavaThread "C1 CompilerThread2" daemon [_thread_blocked, id=11960, stack(0x000000001a260000,0x000000001a460000)]
  0x00000000183bb800 JavaThread "C2 CompilerThread1" daemon [_thread_blocked, id=15148, stack(0x000000001a060000,0x000000001a260000)]
  0x0000000018366800 JavaThread "C2 CompilerThread0" daemon [_thread_blocked, id=5972, stack(0x0000000019e60000,0x000000001a060000)]
  0x000000000244e000 JavaThread "Attach Listener" daemon [_thread_blocked, id=12860, stack(0x0000000019c60000,0x0000000019e60000)]
  0x000000000244d000 JavaThread "Signal Dispatcher" daemon [_thread_blocked, id=4856, stack(0x0000000019a60000,0x0000000019c60000)]
  0x000000000264c000 JavaThread "Finalizer" daemon [_thread_blocked, id=12476, stack(0x0000000019330000,0x0000000019530000)]
  0x0000000002647000 JavaThread "Reference Handler" daemon [_thread_blocked, id=5540, stack(0x0000000019080000,0x0000000019280000)]
  0x000000000234e000 JavaThread "main" [_thread_blocked, id=7228, stack(0x0000000000440000,0x0000000000640000)]

Other Threads:
  0x0000000018291800 VMThread [stack: 0x0000000018bc0000,0x0000000018dc0000] [id=10904]
  0x00000000183f6000 WatcherThread [stack: 0x000000001a660000,0x000000001a860000] [id=8476]

VM state:not at safepoint (normal execution)

VM Mutex/Monitor currently owned by a thread: None

Heap:
 PSYoungGen      total 454144K, used 48134K [0x00000000d6100000, 0x00000000f3080000, 0x0000000100000000)
  eden space 444928K, 8% used [0x00000000d6100000,0x00000000d872d0f8,0x00000000f1380000)
  from space 9216K, 98% used [0x00000000f2780000,0x00000000f3054ac8,0x00000000f3080000)
  to   space 13824K, 0% used [0x00000000f1580000,0x00000000f1580000,0x00000000f2300000)
 ParOldGen       total 82944K, used 47712K [0x0000000082200000, 0x0000000087300000, 0x00000000d6100000)
  object space 82944K, 57% used [0x0000000082200000,0x00000000850980a8,0x0000000087300000)
 Metaspace       used 43562K, capacity 45708K, committed 45864K, reserved 1089536K
  class space    used 5091K, capacity 5834K, committed 5936K, reserved 1048576K

Card table byte_map: [0x0000000011f70000,0x0000000012360000] byte_map_base: 0x0000000011b5f000

Marking Bits: (ParMarkBitMap*) 0x0000000077f7a6c0
 Begin Bits: [0x0000000012e00000, 0x0000000014d78000)
 End Bits:   [0x0000000014d78000, 0x0000000016cf0000)

Polling page: 0x0000000000ad0000

CodeCache: size=245760Kb used=22984Kb max_used=23014Kb free=222775Kb
 bounds [0x00000000029b0000, 0x0000000004060000, 0x00000000119b0000]
 total_blobs=7165 nmethods=6205 adapters=869
 compilation: enabled

Compilation events (10 events):
Event: 36.748 Thread 0x00000000183c6000 nmethod 7566 0x00000000040279d0 code [0x0000000004027b80, 0x0000000004027e50]
Event: 36.749 Thread 0x00000000183bb800 7567       4       sun.java2d.pipe.SpanShapeRenderer::renderRect (357 bytes)
Event: 36.889 Thread 0x0000000018366800 nmethod 7551 0x0000000004032090 code [0x0000000004032440, 0x0000000004037fb0]
Event: 36.889 Thread 0x0000000018366800 7568       4       java.awt.GradientPaint::<init> (63 bytes)
Event: 36.891 Thread 0x0000000018366800 nmethod 7568 0x000000000402ee50 code [0x000000000402efa0, 0x000000000402f178]
Event: 36.922 Thread 0x00000000183bb800 nmethod 7567 0x0000000004043790 code [0x0000000004043ea0, 0x00000000040493c8]
Event: 37.302 Thread 0x0000000018366800 7569       4       javax.swing.plaf.synth.SynthBorder::paintBorder (73 bytes)
Event: 37.306 Thread 0x0000000018366800 nmethod 7569 0x0000000004030350 code [0x00000000040304c0, 0x0000000004030798]
Event: 37.314 Thread 0x00000000183bb800 7570       4       java.awt.Point::<init> (15 bytes)
Event: 37.315 Thread 0x00000000183bb800 nmethod 7570 0x0000000003fc85d0 code [0x0000000003fc8700, 0x0000000003fc8758]

GC Heap History (10 events):
Event: 20.608 GC heap before
{Heap before GC invocations=16 (full 2):
 PSYoungGen      total 184320K, used 174378K [0x00000000d6100000, 0x00000000e7380000, 0x0000000100000000)
  eden space 169984K, 100% used [0x00000000d6100000,0x00000000e0700000,0x00000000e0700000)
  from space 14336K, 30% used [0x00000000e0700000,0x00000000e0b4ab10,0x00000000e1500000)
  to   space 14336K, 0% used [0x00000000e6580000,0x00000000e6580000,0x00000000e7380000)
 ParOldGen       total 82944K, used 36811K [0x0000000082200000, 0x0000000087300000, 0x00000000d6100000)
  object space 82944K, 44% used [0x0000000082200000,0x00000000845f2cb0,0x0000000087300000)
 Metaspace       used 41605K, capacity 43628K, committed 43944K, reserved 1087488K
  class space    used 4823K, capacity 5484K, committed 5552K, reserved 1048576K
Event: 20.620 GC heap after
Heap after GC invocations=16 (full 2):
 PSYoungGen      total 263680K, used 10841K [0x00000000d6100000, 0x00000000e7280000, 0x0000000100000000)
  eden space 250368K, 0% used [0x00000000d6100000,0x00000000d6100000,0x00000000e5580000)
  from space 13312K, 81% used [0x00000000e6580000,0x00000000e7016430,0x00000000e7280000)
  to   space 14848K, 0% used [0x00000000e5580000,0x00000000e5580000,0x00000000e6400000)
 ParOldGen       total 82944K, used 38236K [0x0000000082200000, 0x0000000087300000, 0x00000000d6100000)
  object space 82944K, 46% used [0x0000000082200000,0x0000000084757380,0x0000000087300000)
 Metaspace       used 41605K, capacity 43628K, committed 43944K, reserved 1087488K
  class space    used 4823K, capacity 5484K, committed 5552K, reserved 1048576K
}
Event: 21.315 GC heap before
{Heap before GC invocations=17 (full 2):
 PSYoungGen      total 263680K, used 261209K [0x00000000d6100000, 0x00000000e7280000, 0x0000000100000000)
  eden space 250368K, 100% used [0x00000000d6100000,0x00000000e5580000,0x00000000e5580000)
  from space 13312K, 81% used [0x00000000e6580000,0x00000000e7016430,0x00000000e7280000)
  to   space 14848K, 0% used [0x00000000e5580000,0x00000000e5580000,0x00000000e6400000)
 ParOldGen       total 82944K, used 38236K [0x0000000082200000, 0x0000000087300000, 0x00000000d6100000)
  object space 82944K, 46% used [0x0000000082200000,0x0000000084757380,0x0000000087300000)
 Metaspace       used 41637K, capacity 43698K, committed 43944K, reserved 1087488K
  class space    used 4828K, capacity 5485K, committed 5552K, reserved 1048576K
Event: 21.329 GC heap after
Heap after GC invocations=17 (full 2):
 PSYoungGen      total 265216K, used 4330K [0x00000000d6100000, 0x00000000ee180000, 0x0000000100000000)
  eden space 250368K, 0% used [0x00000000d6100000,0x00000000d6100000,0x00000000e5580000)
  from space 14848K, 29% used [0x00000000e5580000,0x00000000e59bab10,0x00000000e6400000)
  to   space 14848K, 0% used [0x00000000ed300000,0x00000000ed300000,0x00000000ee180000)
 ParOldGen       total 82944K, used 38284K [0x0000000082200000, 0x0000000087300000, 0x00000000d6100000)
  object space 82944K, 46% used [0x0000000082200000,0x00000000847632b0,0x0000000087300000)
 Metaspace       used 41637K, capacity 43698K, committed 43944K, reserved 1087488K
  class space    used 4828K, capacity 5485K, committed 5552K, reserved 1048576K
}
Event: 23.077 GC heap before
{Heap before GC invocations=18 (full 2):
 PSYoungGen      total 265216K, used 254698K [0x00000000d6100000, 0x00000000ee180000, 0x0000000100000000)
  eden space 250368K, 100% used [0x00000000d6100000,0x00000000e5580000,0x00000000e5580000)
  from space 14848K, 29% used [0x00000000e5580000,0x00000000e59bab10,0x00000000e6400000)
  to   space 14848K, 0% used [0x00000000ed300000,0x00000000ed300000,0x00000000ee180000)
 ParOldGen       total 82944K, used 38284K [0x0000000082200000, 0x0000000087300000, 0x00000000d6100000)
  object space 82944K, 46% used [0x0000000082200000,0x00000000847632b0,0x0000000087300000)
 Metaspace       used 41796K, capacity 43774K, committed 43944K, reserved 1087488K
  class space    used 4836K, capacity 5487K, committed 5552K, reserved 1048576K
Event: 23.084 GC heap after
Heap after GC invocations=18 (full 2):
 PSYoungGen      total 364544K, used 7940K [0x00000000d6100000, 0x00000000edb00000, 0x0000000100000000)
  eden space 356352K, 0% used [0x00000000d6100000,0x00000000d6100000,0x00000000ebd00000)
  from space 8192K, 96% used [0x00000000ed300000,0x00000000edac1208,0x00000000edb00000)
  to   space 14336K, 0% used [0x00000000ebf00000,0x00000000ebf00000,0x00000000ecd00000)
 ParOldGen       total 82944K, used 38633K [0x0000000082200000, 0x0000000087300000, 0x00000000d6100000)
  object space 82944K, 46% used [0x0000000082200000,0x00000000847ba680,0x0000000087300000)
 Metaspace       used 41796K, capacity 43774K, committed 43944K, reserved 1087488K
  class space    used 4836K, capacity 5487K, committed 5552K, reserved 1048576K
}
Event: 24.032 GC heap before
{Heap before GC invocations=19 (full 2):
 PSYoungGen      total 364544K, used 364292K [0x00000000d6100000, 0x00000000edb00000, 0x0000000100000000)
  eden space 356352K, 100% used [0x00000000d6100000,0x00000000ebd00000,0x00000000ebd00000)
  from space 8192K, 96% used [0x00000000ed300000,0x00000000edac1208,0x00000000edb00000)
  to   space 14336K, 0% used [0x00000000ebf00000,0x00000000ebf00000,0x00000000ecd00000)
 ParOldGen       total 82944K, used 38633K [0x0000000082200000, 0x0000000087300000, 0x00000000d6100000)
  object space 82944K, 46% used [0x0000000082200000,0x00000000847ba680,0x0000000087300000)
 Metaspace       used 41937K, capacity 43940K, committed 44200K, reserved 1087488K
  class space    used 4846K, capacity 5525K, committed 5552K, reserved 1048576K
Event: 24.043 GC heap after
Heap after GC invocations=19 (full 2):
 PSYoungGen      total 372736K, used 7884K [0x00000000d6100000, 0x00000000f3500000, 0x0000000100000000)
  eden space 358400K, 0% used [0x00000000d6100000,0x00000000d6100000,0x00000000ebf00000)
  from space 14336K, 54% used [0x00000000ebf00000,0x00000000ec6b3048,0x00000000ecd00000)
  to   space 13824K, 0% used [0x00000000f2780000,0x00000000f2780000,0x00000000f3500000)
 ParOldGen       total 82944K, used 45439K [0x0000000082200000, 0x0000000087300000, 0x00000000d6100000)
  object space 82944K, 54% used [0x0000000082200000,0x0000000084e5fdd8,0x0000000087300000)
 Metaspace       used 41937K, capacity 43940K, committed 44200K, reserved 1087488K
  class space    used 4846K, capacity 5525K, committed 5552K, reserved 1048576K
}
Event: 28.622 GC heap before
{Heap before GC invocations=20 (full 2):
 PSYoungGen      total 372736K, used 366164K [0x00000000d6100000, 0x00000000f3500000, 0x0000000100000000)
  eden space 358400K, 99% used [0x00000000d6100000,0x00000000ebee2140,0x00000000ebf00000)
  from space 14336K, 54% used [0x00000000ebf00000,0x00000000ec6b3048,0x00000000ecd00000)
  to   space 13824K, 0% used [0x00000000f2780000,0x00000000f2780000,0x00000000f3500000)
 ParOldGen       total 82944K, used 45439K [0x0000000082200000, 0x0000000087300000, 0x00000000d6100000)
  object space 82944K, 54% used [0x0000000082200000,0x0000000084e5fdd8,0x0000000087300000)
 Metaspace       used 43322K, capacity 45454K, committed 45480K, reserved 1089536K
  class space    used 5067K, capacity 5796K, committed 5808K, reserved 1048576K
Event: 28.629 GC heap after
Heap after GC invocations=20 (full 2):
 PSYoungGen      total 454144K, used 9042K [0x00000000d6100000, 0x00000000f3080000, 0x0000000100000000)
  eden space 444928K, 0% used [0x00000000d6100000,0x00000000d6100000,0x00000000f1380000)
  from space 9216K, 98% used [0x00000000f2780000,0x00000000f3054ac8,0x00000000f3080000)
  to   space 13824K, 0% used [0x00000000f1580000,0x00000000f1580000,0x00000000f2300000)
 ParOldGen       total 82944K, used 47712K [0x0000000082200000, 0x0000000087300000, 0x00000000d6100000)
  object space 82944K, 57% used [0x0000000082200000,0x00000000850980a8,0x0000000087300000)
 Metaspace       used 43322K, capacity 45454K, committed 45480K, reserved 1089536K
  class space    used 5067K, capacity 5796K, committed 5808K, reserved 1048576K
}

Deoptimization events (10 events):
Event: 28.980 Thread 0x000000001b01f000 Uncommon trap: reason=class_check action=maybe_recompile pc=0x00000000037d4920 method=sun.java2d.SunGraphics2D.transformShape(IILjava/awt/Shape;)Ljava/awt/Shape; @ 7
Event: 28.980 Thread 0x000000001b01f000 Uncommon trap: reason=class_check action=maybe_recompile pc=0x0000000003d1d7f0 method=sun.java2d.SunGraphics2D.validateCompClip()V @ 102
Event: 28.980 Thread 0x000000001b01f000 Uncommon trap: reason=class_check action=maybe_recompile pc=0x00000000037b82bc method=sun.java2d.SunGraphics2D.getClipBounds(Ljava/awt/Rectangle;)Ljava/awt/Rectangle; @ 19
Event: 28.981 Thread 0x000000001b01f000 Uncommon trap: reason=class_check action=maybe_recompile pc=0x00000000037b82bc method=sun.java2d.SunGraphics2D.getClipBounds(Ljava/awt/Rectangle;)Ljava/awt/Rectangle; @ 19
Event: 28.981 Thread 0x000000001b01f000 Uncommon trap: reason=class_check action=maybe_recompile pc=0x00000000037d4920 method=sun.java2d.SunGraphics2D.transformShape(IILjava/awt/Shape;)Ljava/awt/Shape; @ 7
Event: 29.635 Thread 0x000000001b01f000 Uncommon trap: reason=unstable_if action=reinterpret pc=0x0000000003c0e4b4 method=javax.swing.text.GapContent$MarkVector.elementAt(I)Ljavax/swing/text/GapContent$MarkData; @ 24
Event: 36.688 Thread 0x000000001b01f000 Uncommon trap: reason=predicate action=maybe_recompile pc=0x0000000003bb96b0 method=java.util.ArrayList.batchRemove(Ljava/util/Collection;Z)Z @ 23
Event: 36.688 Thread 0x000000001b01f000 Uncommon trap: reason=predicate action=maybe_recompile pc=0x0000000003ba6944 method=java.util.ArrayList.batchRemove(Ljava/util/Collection;Z)Z @ 23
Event: 36.696 Thread 0x000000001af1e000 Uncommon trap: reason=predicate action=maybe_recompile pc=0x0000000003f7ab5c method=java.util.ArrayList.remove(Ljava/lang/Object;)Z @ 49
Event: 36.711 Thread 0x000000001b01f000 Uncommon trap: reason=null_check action=make_not_entrant pc=0x0000000003f1a21c method=java.awt.GradientPaintContext.getCachedRaster(Ljava/awt/image/ColorModel;II)Ljava/awt/image/Raster; @ 19

Internal exceptions (10 events):
Event: 25.801 Thread 0x000000001af1e000 Exception <a 'java/lang/ArrayIndexOutOfBoundsException'> (0x00000000e78125b8) thrown at [C:\re\workspace\8-2-build-windows-amd64-cygwin\jdk8u102\7268\hotspot\src\share\vm\runtime\sharedRuntime.cpp, line 605]
Event: 25.801 Thread 0x000000001af1e000 Exception <a 'java/lang/ArrayIndexOutOfBoundsException'> (0x00000000e7814078) thrown at [C:\re\workspace\8-2-build-windows-amd64-cygwin\jdk8u102\7268\hotspot\src\share\vm\runtime\sharedRuntime.cpp, line 605]
Event: 25.802 Thread 0x000000001af1e000 Exception <a 'java/lang/ArrayIndexOutOfBoundsException'> (0x00000000e7816ca0) thrown at [C:\re\workspace\8-2-build-windows-amd64-cygwin\jdk8u102\7268\hotspot\src\share\vm\runtime\sharedRuntime.cpp, line 605]
Event: 25.803 Thread 0x000000001af1e000 Exception <a 'java/lang/ArrayIndexOutOfBoundsException'> (0x00000000e7818aa8) thrown at [C:\re\workspace\8-2-build-windows-amd64-cygwin\jdk8u102\7268\hotspot\src\share\vm\runtime\sharedRuntime.cpp, line 605]
Event: 25.803 Thread 0x000000001af1e000 Exception <a 'java/lang/ArrayIndexOutOfBoundsException'> (0x00000000e781b440) thrown at [C:\re\workspace\8-2-build-windows-amd64-cygwin\jdk8u102\7268\hotspot\src\share\vm\runtime\sharedRuntime.cpp, line 605]
Event: 26.068 Thread 0x000000001b01f000 Exception <a 'java/lang/ArrayIndexOutOfBoundsException'> (0x00000000e7764280) thrown at [C:\re\workspace\8-2-build-windows-amd64-cygwin\jdk8u102\7268\hotspot\src\share\vm\oops\typeArrayKlass.cpp, line 145]
Event: 26.069 Thread 0x000000001b01f000 Exception <a 'java/lang/ArrayIndexOutOfBoundsException'> (0x00000000e7764280) thrown at [C:\re\workspace\8-2-build-windows-amd64-cygwin\jdk8u102\7268\hotspot\src\share\vm\prims\jvm.cpp, line 1390]
Event: 27.367 Thread 0x000000001b01f000 Implicit null exception at 0x0000000003c11196 to 0x0000000003c111f6
Event: 33.437 Thread 0x000000001b01f000 Exception <a 'java/lang/NullPointerException'> (0x00000000d774b220) thrown at [C:\re\workspace\8-2-build-windows-amd64-cygwin\jdk8u102\7268\hotspot\src\share\vm\prims\jni.cpp, line 735]
Event: 36.711 Thread 0x000000001b01f000 Implicit null exception at 0x0000000003f15b35 to 0x0000000003f1a1ad

Events (10 events):
Event: 36.696 Thread 0x000000001af1e000 DEOPT UNPACKING pc=0x00000000029f582a sp=0x000000001b88f318 mode 2
Event: 36.711 Thread 0x000000001b01f000 Uncommon trap: trap_request=0xfffffff4 fr.pc=0x0000000003f1a21c
Event: 36.711 Executing VM operation: RevokeBias
Event: 36.711 Executing VM operation: RevokeBias done
Event: 36.711 Thread 0x000000001b01f000 DEOPT PACKING pc=0x0000000003f1a21c sp=0x000000001c75ab50
Event: 36.711 Thread 0x000000001b01f000 DEOPT UNPACKING pc=0x00000000029f582a sp=0x000000001c75aa58 mode 2
Event: 36.733 loading class java/awt/KeyboardFocusManager$4
Event: 36.733 loading class java/awt/KeyboardFocusManager$4 done
Event: 36.768 Executing VM operation: BulkRevokeBias
Event: 36.769 Executing VM operation: BulkRevokeBias done


Dynamic libraries:
0x0000000000400000 - 0x000000000043a000 	C:\Program Files\NetBeans 8.1\platform\lib\nbexec64.exe
0x00007ffc7d330000 - 0x00007ffc7d501000 	C:\WINDOWS\SYSTEM32\ntdll.dll
0x00007ffc7c860000 - 0x00007ffc7c90b000 	C:\WINDOWS\System32\KERNEL32.DLL
0x00007ffc7a200000 - 0x00007ffc7a41d000 	C:\WINDOWS\System32\KERNELBASE.dll
0x00007ffc7bf10000 - 0x00007ffc7bfb2000 	C:\WINDOWS\System32\ADVAPI32.dll
0x00007ffc7bff0000 - 0x00007ffc7c08e000 	C:\WINDOWS\System32\msvcrt.dll
0x00007ffc7cdf0000 - 0x00007ffc7ce49000 	C:\WINDOWS\System32\sechost.dll
0x00007ffc7a8d0000 - 0x00007ffc7a9f1000 	C:\WINDOWS\System32\RPCRT4.dll
0x00007ffc7c150000 - 0x00007ffc7c2b5000 	C:\WINDOWS\System32\USER32.dll
0x00007ffc7a620000 - 0x00007ffc7a63e000 	C:\WINDOWS\System32\win32u.dll
0x00007ffc7c910000 - 0x00007ffc7c944000 	C:\WINDOWS\System32\GDI32.dll
0x00007ffc798d0000 - 0x00007ffc79a52000 	C:\WINDOWS\System32\gdi32full.dll
0x00007ffc7bfc0000 - 0x00007ffc7bfee000 	C:\WINDOWS\System32\IMM32.DLL
0x0000000050140000 - 0x00000000505f4000 	C:\Program Files\NetBeans 8.1\platform\lib\nbexec64.dll
0x0000000077760000 - 0x0000000077ffa000 	C:\Program Files\Java\jdk1.8.0_102\jre\bin\server\jvm.dll
0x00007ffc7a8c0000 - 0x00007ffc7a8c8000 	C:\WINDOWS\System32\PSAPI.DLL
0x00007ffc5fd10000 - 0x00007ffc5fd19000 	C:\WINDOWS\SYSTEM32\WSOCK32.dll
0x00007ffc7c7f0000 - 0x00007ffc7c85a000 	C:\WINDOWS\System32\WS2_32.dll
0x00007ffc77c10000 - 0x00007ffc77c33000 	C:\WINDOWS\SYSTEM32\WINMM.dll
0x00007ffc710e0000 - 0x00007ffc710ea000 	C:\WINDOWS\SYSTEM32\VERSION.dll
0x0000000051270000 - 0x0000000051341000 	C:\Program Files\Java\jdk1.8.0_102\jre\bin\MSVCR100.dll
0x0000000000aa0000 - 0x0000000000acb000 	C:\WINDOWS\SYSTEM32\WINMMBASE.dll
0x00007ffc79a60000 - 0x00007ffc79aa2000 	C:\WINDOWS\System32\cfgmgr32.dll
0x0000000051820000 - 0x0000000051859000 	C:\Program Files\Java\jdk1.8.0_102\jre\bin\splashscreen.dll
0x0000000051810000 - 0x000000005181f000 	C:\Program Files\Java\jdk1.8.0_102\jre\bin\verify.dll
0x0000000051240000 - 0x0000000051269000 	C:\Program Files\Java\jdk1.8.0_102\jre\bin\java.dll
0x00000000517f0000 - 0x0000000051806000 	C:\Program Files\Java\jdk1.8.0_102\jre\bin\zip.dll
0x00007ffc77e60000 - 0x00007ffc77ef5000 	C:\WINDOWS\system32\uxtheme.dll
0x00007ffc7c950000 - 0x00007ffc7cc18000 	C:\WINDOWS\System32\combase.dll
0x00007ffc7a480000 - 0x00007ffc7a575000 	C:\WINDOWS\System32\ucrtbase.dll
0x00007ffc7a190000 - 0x00007ffc7a1fa000 	C:\WINDOWS\System32\bcryptPrimitives.dll
0x00007ffc7cc20000 - 0x00007ffc7cd7b000 	C:\WINDOWS\System32\MSCTF.dll
0x00007ffc7d260000 - 0x00007ffc7d31f000 	C:\WINDOWS\System32\OLEAUT32.dll
0x00007ffc7a580000 - 0x00007ffc7a61c000 	C:\WINDOWS\System32\msvcp_win.dll
0x00007ffc51ec0000 - 0x00007ffc51f28000 	C:\Program Files (x86)\Overwolf\0.102.213.0\x64\OWExplorer.dll
0x00007ffc7c0f0000 - 0x00007ffc7c142000 	C:\WINDOWS\System32\SHLWAPI.dll
0x00007ffc7aa00000 - 0x00007ffc7bf09000 	C:\WINDOWS\System32\SHELL32.dll
0x00007ffc79ab0000 - 0x00007ffc7a18a000 	C:\WINDOWS\System32\windows.storage.dll
0x00007ffc797d0000 - 0x00007ffc7981c000 	C:\WINDOWS\System32\powrprof.dll
0x00007ffc797c0000 - 0x00007ffc797cf000 	C:\WINDOWS\System32\kernel.appcore.dll
0x00007ffc7a640000 - 0x00007ffc7a6e9000 	C:\WINDOWS\System32\shcore.dll
0x00007ffc797a0000 - 0x00007ffc797b4000 	C:\WINDOWS\System32\profapi.dll
0x00007ffc7cf80000 - 0x00007ffc7d0b7000 	C:\WINDOWS\System32\ole32.dll
0x00007ffc70be0000 - 0x00007ffc70d72000 	C:\WINDOWS\SYSTEM32\dbghelp.dll
0x00007ffc70bb0000 - 0x00007ffc70bd9000 	C:\WINDOWS\SYSTEM32\dbgcore.DLL
0x0000000051220000 - 0x000000005123a000 	C:\Program Files\Java\jdk1.8.0_102\jre\bin\net.dll
0x00007ffc790c0000 - 0x00007ffc7911c000 	C:\WINDOWS\system32\mswsock.dll
0x0000000051200000 - 0x0000000051211000 	C:\Program Files\Java\jdk1.8.0_102\jre\bin\nio.dll
0x00007ffc78e50000 - 0x00007ffc78e88000 	C:\WINDOWS\SYSTEM32\IPHLPAPI.DLL
0x00007ffc7d320000 - 0x00007ffc7d328000 	C:\WINDOWS\System32\NSI.dll
0x00007ffc71840000 - 0x00007ffc71856000 	C:\WINDOWS\SYSTEM32\dhcpcsvc6.DLL
0x00007ffc717c0000 - 0x00007ffc717da000 	C:\WINDOWS\SYSTEM32\dhcpcsvc.DLL
0x0000000051060000 - 0x00000000511f8000 	C:\Program Files\Java\jdk1.8.0_102\jre\bin\awt.dll
0x00007ffc77d30000 - 0x00007ffc77daa000 	C:\WINDOWS\SYSTEM32\apphelp.dll
0x00007ffc79260000 - 0x00007ffc79277000 	C:\WINDOWS\SYSTEM32\CRYPTSP.dll
0x00007ffc78cd0000 - 0x00007ffc78d03000 	C:\WINDOWS\system32\rsaenh.dll
0x00007ffc79370000 - 0x00007ffc7939b000 	C:\WINDOWS\SYSTEM32\bcrypt.dll
0x00007ffc78f40000 - 0x00007ffc78f5f000 	C:\WINDOWS\SYSTEM32\USERENV.dll
0x00007ffc79280000 - 0x00007ffc7928b000 	C:\WINDOWS\SYSTEM32\CRYPTBASE.dll
0x00007ffc772a0000 - 0x00007ffc772c6000 	C:\WINDOWS\system32\DWMAPI.DLL
0x00007ffc6cdd0000 - 0x00007ffc6d049000 	C:\WINDOWS\WinSxS\amd64_microsoft.windows.common-controls_6595b64144ccf1df_6.0.14393.447_none_42191651c6827bb3\COMCTL32.dll
0x00000000500f0000 - 0x0000000050137000 	C:\Program Files\Java\jdk1.8.0_102\jre\bin\fontmanager.dll
0x00000000500a0000 - 0x00000000500e2000 	C:\Program Files\Java\jdk1.8.0_102\jre\bin\t2k.dll
0x0000000180000000 - 0x0000000180038000 	C:\Program Files\NetBeans 8.1\platform\modules\lib\amd64\jnidispatch-410.dll
0x00007ffc5f4e0000 - 0x00007ffc5f4f6000 	C:\WINDOWS\system32\napinsp.dll
0x00007ffc5f510000 - 0x00007ffc5f52a000 	C:\WINDOWS\system32\pnrpnsp.dll
0x00007ffc77440000 - 0x00007ffc77458000 	C:\WINDOWS\system32\NLAapi.dll
0x00007ffc78e90000 - 0x00007ffc78f30000 	C:\WINDOWS\SYSTEM32\DNSAPI.dll
0x00007ffc5f500000 - 0x00007ffc5f50e000 	C:\WINDOWS\System32\winrnr.dll
0x00007ffc5f530000 - 0x00007ffc5f545000 	C:\WINDOWS\System32\wshbth.dll
0x00007ffc6fef0000 - 0x00007ffc6fefa000 	C:\Windows\System32\rasadhlp.dll
0x00007ffc70910000 - 0x00007ffc7097a000 	C:\WINDOWS\System32\fwpuclnt.dll
0x00007ffc2de90000 - 0x00007ffc2fd32000 	C:\Users\zanri\Desktop\Thesis\build\cluster\modules\lib\opencv_java310.dll
0x00007ffc74e40000 - 0x00007ffc74e60000 	C:\WINDOWS\SYSTEM32\AVIFIL32.dll
0x00007ffc74d40000 - 0x00007ffc74d58000 	C:\WINDOWS\SYSTEM32\AVICAP32.dll
0x00007ffc74d10000 - 0x00007ffc74d39000 	C:\WINDOWS\SYSTEM32\MSVFW32.dll
0x00007ffc76dd0000 - 0x00007ffc76dec000 	C:\WINDOWS\SYSTEM32\MSACM32.dll
0x00007ffc76670000 - 0x00007ffc7673d000 	C:\WINDOWS\SYSTEM32\winhttp.dll
0x00007ffc7ce50000 - 0x00007ffc7ceef000 	C:\WINDOWS\System32\clbcatq.dll
0x00007ffc75db0000 - 0x00007ffc75f58000 	C:\WINDOWS\SYSTEM32\WindowsCodecs.dll
0x00007ffc69890000 - 0x00007ffc698d9000 	C:\WINDOWS\system32\dataexchange.dll
0x00007ffc77460000 - 0x00007ffc775b1000 	C:\WINDOWS\system32\dcomp.dll
0x00007ffc750d0000 - 0x00007ffc75386000 	C:\WINDOWS\system32\d3d11.dll
0x00007ffc78720000 - 0x00007ffc787bf000 	C:\WINDOWS\system32\dxgi.dll
0x00007ffc781f0000 - 0x00007ffc7830c000 	C:\WINDOWS\system32\twinapi.appcore.dll
0x0000000050070000 - 0x000000005009a000 	C:\Program Files\Java\jdk1.8.0_102\jre\bin\dcpr.dll
0x00007ffc5a1c0000 - 0x00007ffc5a26c000 	C:\WINDOWS\WinSxS\amd64_microsoft.windows.common-controls_6595b64144ccf1df_5.82.14393.447_none_0d5aa7fbb6d35646\comctl32.dll
0x00007ffc77010000 - 0x00007ffc77195000 	C:\WINDOWS\System32\PROPSYS.dll
0x00007ffc69a50000 - 0x00007ffc69db5000 	C:\Windows\System32\ActXPrxy.dll
0x00007ffc3c410000 - 0x00007ffc3c537000 	C:\WINDOWS\system32\NetworkExplorer.dll
0x00007ffc70b90000 - 0x00007ffc70bab000 	C:\WINDOWS\System32\MPR.dll
0x00007ffc74cf0000 - 0x00007ffc74d06000 	C:\WINDOWS\System32\ntlanman.dll
0x00007ffc77340000 - 0x00007ffc7734b000 	C:\WINDOWS\System32\drprov.dll
0x00007ffc78900000 - 0x00007ffc78956000 	C:\WINDOWS\System32\WINSTA.dll
0x00007ffc74cd0000 - 0x00007ffc74cf0000 	C:\WINDOWS\System32\davclnt.dll
0x00007ffc76dc0000 - 0x00007ffc76dcc000 	C:\WINDOWS\System32\DAVHLPR.dll
0x00007ffc71c50000 - 0x00007ffc71c66000 	C:\WINDOWS\System32\wkscli.dll
0x00007ffc5f650000 - 0x00007ffc5f662000 	C:\WINDOWS\SYSTEM32\cscapi.dll
0x00007ffc78f30000 - 0x00007ffc78f3d000 	C:\WINDOWS\System32\netutils.dll
0x00007ffc51ae0000 - 0x00007ffc51b2d000 	C:\Windows\System32\dlnashext.dll
0x00007ffc6f180000 - 0x00007ffc6f1f0000 	C:\Windows\System32\PlayToDevice.dll
0x00007ffc6f920000 - 0x00007ffc6f93e000 	C:\Windows\System32\DevDispItemProvider.dll
0x00007ffc70fc0000 - 0x00007ffc71031000 	C:\WINDOWS\System32\MMDevApi.dll
0x00007ffc78400000 - 0x00007ffc78428000 	C:\WINDOWS\System32\DEVOBJ.dll
0x00007ffc3c210000 - 0x00007ffc3c40f000 	C:\WINDOWS\system32\wpdshext.dll
0x00007ffc6b0e0000 - 0x00007ffc6b27a000 	C:\WINDOWS\WinSxS\amd64_microsoft.windows.gdiplus_6595b64144ccf1df_1.1.14393.321_none_72fe05dd211a5fae\gdiplus.dll
0x00007ffc74540000 - 0x00007ffc745de000 	C:\Windows\System32\PortableDeviceApi.dll
0x00007ffc7c3c0000 - 0x00007ffc7c7e9000 	C:\WINDOWS\System32\SETUPAPI.dll
0x00007ffc7a420000 - 0x00007ffc7a475000 	C:\WINDOWS\System32\WINTRUST.dll
0x00007ffc79790000 - 0x00007ffc797a0000 	C:\WINDOWS\System32\MSASN1.dll
0x00007ffc7a6f0000 - 0x00007ffc7a8b9000 	C:\WINDOWS\System32\CRYPT32.dll
0x00007ffc6a320000 - 0x00007ffc6a356000 	C:\Windows\System32\EhStorShell.dll
0x00007ffc736c0000 - 0x00007ffc736e5000 	C:\Windows\System32\EhStorAPI.dll
0x00007ffc76fb0000 - 0x00007ffc76fc3000 	C:\Windows\System32\WTSAPI32.dll
0x00007ffc55f60000 - 0x00007ffc55f70000 	C:\WINDOWS\System32\LINKINFO.dll
0x00000000637c0000 - 0x00000000637ca000 	C:\Users\zanri\AppData\Local\Temp\jogamp_0000\file_cache\jln7412077056763431730\jln5011929620329287715\gluegen-rt.dll
0x0000000051040000 - 0x0000000051047000 	C:\Program Files\Java\jdk1.8.0_102\jre\bin\jawt.dll
0x000000006a440000 - 0x000000006a44b000 	C:\Users\zanri\AppData\Local\Temp\jogamp_0000\file_cache\jln7412077056763431730\jln5011929620329287715\nativewindow_awt.dll
0x000000006c100000 - 0x000000006c10b000 	C:\Users\zanri\AppData\Local\Temp\jogamp_0000\file_cache\jln7412077056763431730\jln5011929620329287715\nativewindow_win32.dll
0x00007ffc62990000 - 0x00007ffc62ab3000 	C:\WINDOWS\SYSTEM32\OpenGL32.dll
0x00007ffc6e480000 - 0x00007ffc6e4ad000 	C:\WINDOWS\SYSTEM32\GLU32.dll
0x00007ffc60050000 - 0x00007ffc60147000 	C:\WINDOWS\SYSTEM32\DDRAW.dll
0x00007ffc6f850000 - 0x00007ffc6f858000 	C:\WINDOWS\SYSTEM32\DCIMAN32.dll
0x0000000064500000 - 0x000000006458b000 	C:\Users\zanri\AppData\Local\Temp\jogamp_0000\file_cache\jln7412077056763431730\jln5011929620329287715\jogl_desktop.dll
0x00007ffc76620000 - 0x00007ffc7662a000 	D:\Python35\Library\bin\libEGL.dll
0x00007ffc74cb0000 - 0x00007ffc74cc7000 	C:\WINDOWS\SYSTEM32\VCRUNTIME140.dll
0x00007ffc3bc80000 - 0x00007ffc3be6d000 	D:\Python35\Library\bin\libGLESv2.dll
0x00007ffc49990000 - 0x00007ffc49b1d000 	C:\WINDOWS\SYSTEM32\d3d9.dll

VM Arguments:
jvm_args: -Dnetbeans.logger.console=true -ea -Djdk.home=C:\Program Files\Java\jdk1.8.0_102 -splash:C:\Users\zanri\Desktop\Thesis\build\testuserdir\var\cache\splash.png -Dnetbeans.home=C:\Program Files\NetBeans 8.1\platform -Dnetbeans.user=C:\Users\zanri\Desktop\Thesis\build\testuserdir -Dnetbeans.default_userdir_root= -XX:+HeapDumpOnOutOfMemoryError -XX:HeapDumpPath=C:\Users\zanri\Desktop\Thesis\build\testuserdir\var\log\heapdump.hprof -Dsun.awt.keepWorkingSetOnMinimize=true -Dnetbeans.dirs=C:\Users\zanri\Desktop\Thesis\build\cluster;C:\Program Files\NetBeans 8.1\harness;C:\Program Files\NetBeans 8.1\platform exit 
java_command: <unknown>
java_class_path (initial): C:\Program Files\NetBeans 8.1\platform\lib\boot.jar;C:\Program Files\NetBeans 8.1\platform\lib\org-openide-modules.jar;C:\Program Files\NetBeans 8.1\platform\lib\org-openide-util-lookup.jar;C:\Program Files\NetBeans 8.1\platform\lib\org-openide-util-ui.jar;C:\Program Files\NetBeans 8.1\platform\lib\org-openide-util.jar;C:\Program Files\NetBeans 8.1\platform\lib\locale\boot_ja.jar;C:\Program Files\NetBeans 8.1\platform\lib\locale\boot_pt_BR.jar;C:\Program Files\NetBeans 8.1\platform\lib\locale\boot_ru.jar;C:\Program Files\NetBeans 8.1\platform\lib\locale\boot_zh_CN.jar;C:\Program Files\NetBeans 8.1\platform\lib\locale\org-openide-modules_ja.jar;C:\Program Files\NetBeans 8.1\platform\lib\locale\org-openide-modules_pt_BR.jar;C:\Program Files\NetBeans 8.1\platform\lib\locale\org-openide-modules_ru.jar;C:\Program Files\NetBeans 8.1\platform\lib\locale\org-openide-modules_zh_CN.jar;C:\Program Files\NetBeans 8.1\platform\lib\locale\org-openide-util-lookup_ja.jar;C:\Program Files\NetBeans 8.1\platform\lib\locale\org-openide-util-lookup_pt_BR.jar;C:\Program Files\NetBeans 8.1\platform\lib\locale\org-openide-util-lookup_ru.jar;C:\Program Files\NetBeans 8.1\platform\lib\locale\org-openide-util-lookup_zh_CN.jar;C:\Program Files\NetBeans 8.1\platform\lib\locale\org-openide-util-ui_ja.jar;C:\Program Files\NetBeans 8.1\platform\lib\locale\org-openide-util-ui_pt_BR.jar;C:\Program Files\NetBeans 8.1\platform\lib\locale\org-openide-util-ui_ru.jar;C:\Program Files\NetBeans 8.1\platform\lib\locale\org-openide-util-ui_zh_CN.jar;C:\Program Files\NetBeans 8.1\platform\lib\locale\org-openide-util_ja.jar;C:\Program Files\NetBeans 8.1\platform\lib\locale\org-openide-util_pt_BR.jar;C:\Program Files\NetBeans 8.1\platform\lib\locale\org-openide-util_ru.jar;C:\Program Files\NetBeans 8.1\platform\lib\locale\org-openide-util_zh_CN.jar;C:\Program Files\Java\jdk1.8.0_102\lib\dt.jar;C:\Program Files\Java\jdk1.8.0_102\lib\tools.jar
Launcher Type: generic

Environment Variables:
PATH=C:\ProgramData\Oracle\Java\javapath;C:\Program Files (x86)\Intel\iCLS Client\;C:\Program Files\Intel\iCLS Client\;C:\Program Files (x86)\Lenovo\FusionEngine;C:\Windows\system32;C:\Windows;C:\Windows\System32\Wbem;C:\Windows\System32\WindowsPowerShell\v1.0\;C:\Program Files (x86)\NVIDIA Corporation\PhysX\Common;C:\Program Files (x86)\Intel\Intel(R) Management Engine Components\DAL;C:\Program Files\Intel\Intel(R) Management Engine Components\DAL;C:\Program Files (x86)\Intel\Intel(R) Management Engine Components\IPT;C:\Program Files\Intel\Intel(R) Management Engine Components\IPT;C:\WINDOWS\system32\config\systemprofile\.dnx\bin;C:\Program Files\Microsoft DNX\Dnvm\;C:\Program Files\Microsoft SQL Server\120\Tools\Binn\;C:\Program Files\Microsoft SQL Server\130\Tools\Binn\;C:\Program Files\Intel\WiFi\bin\;C:\Program Files\Common Files\Intel\WirelessCommon\;C:\WINDOWS\system32;C:\WINDOWS;C:\WINDOWS\System32\Wbem;C:\WINDOWS\System32\WindowsPowerShell\v1.0\;C:\Program Files\OpenVPN\bin;D:\Python35;D:\Python35\Scripts;D:\Python35\Library\bin;C:\Users\zanri\AppData\Local\Programs\Python\Python35-32\Scripts\;C:\Users\zanri\AppData\Local\Programs\Python\Python35-32\;C:\Program Files\Intel\WiFi\bin\;C:\Program Files\Common Files\Intel\WirelessCommon\;C:\Users\zanri\AppData\Local\Microsoft\WindowsApps;
USERNAME=zanri
OS=Windows_NT
PROCESSOR_IDENTIFIER=Intel64 Family 6 Model 94 Stepping 3, GenuineIntel



---------------  S Y S T E M  ---------------

OS: Windows 10.0 , 64 bit Build 14393 (10.0.14393.0)

CPU:total 4 (4 cores per cpu, 1 threads per core) family 6 model 94 stepping 3, cmov, cx8, fxsr, mmx, sse, sse2, sse3, ssse3, sse4.1, sse4.2, popcnt, avx, avx2, aes, clmul, erms, rtm, 3dnowpref, lzcnt, tsc, tscinvbit, bmi1, bmi2, adx

Memory: 4k page, physical 8245152k(1750300k free), swap 12308384k(3665140k free)

vm_info: Java HotSpot(TM) 64-Bit Server VM (25.102-b14) for windows-amd64 JRE (1.8.0_102-b14), built on Jun 22 2016 13:15:21 by "java_re" with MS VC++ 10.0 (VS2010)

time: Thu Feb 16 13:36:07 2017
elapsed time: 37 seconds (0d 0h 0m 37s)

